# JRE version: Java(TM) SE Runtime Environment (14.0+36) (build 14+36-1461)
# Java VM: Java HotSpot(TM) 64-Bit Server VM (14+36-1461, mixed mode, sharing, tiered, compressed oops, g1 gc, windows-amd64)
Heap:
 garbage-first heap   total 16384K, used 4984K [0x0000000081e00000, 0x0000000100000000)
  region size 1024K, 1 young (1024K), 1 survivors (1024K)
 Metaspace       used 8479K, capacity 11492K, committed 11648K, reserved 1058816K
  class space    used 1001K, capacity 1331K, committed 1408K, reserved 1048576K
GC Heap History (17 events):
Event: 0.146 GC heap before
{Heap before GC invocations=0 (full 0):
 garbage-first heap   total 8192K, used 2048K [0x0000000081e00000, 0x0000000100000000)
  region size 1024K, 3 young (3072K), 0 survivors (0K)
 Metaspace       used 2446K, capacity 6096K, committed 6400K, reserved 1056768K
  class space    used 321K, capacity 678K, committed 768K, reserved 1048576K
}
Event: 0.148 GC heap after
{Heap after GC invocations=1 (full 0):
 garbage-first heap   total 8192K, used 1292K [0x0000000081e00000, 0x0000000100000000)
  region size 1024K, 1 young (1024K), 1 survivors (1024K)
 Metaspace       used 2446K, capacity 6096K, committed 6400K, reserved 1056768K
  class space    used 321K, capacity 678K, committed 768K, reserved 1048576K
}
Event: 0.194 GC heap before
{Heap before GC invocations=1 (full 0):
 garbage-first heap   total 8192K, used 2316K [0x0000000081e00000, 0x0000000100000000)
  region size 1024K, 2 young (2048K), 1 survivors (1024K)
 Metaspace       used 4149K, capacity 7782K, committed 7808K, reserved 1056768K
  class space    used 532K, capacity 878K, committed 896K, reserved 1048576K
}
Event: 0.197 GC heap after
{Heap after GC invocations=2 (full 0):
 garbage-first heap   total 8192K, used 1786K [0x0000000081e00000, 0x0000000100000000)
  region size 1024K, 1 young (1024K), 1 survivors (1024K)
 Metaspace       used 4149K, capacity 7782K, committed 7808K, reserved 1056768K
  class space    used 532K, capacity 878K, committed 896K, reserved 1048576K
}
Event: 0.243 GC heap before
{Heap before GC invocations=2 (full 0):
 garbage-first heap   total 8192K, used 1786K [0x0000000081e00000, 0x0000000100000000)
  region size 1024K, 2 young (2048K), 1 survivors (1024K)
 Metaspace       used 5786K, capacity 9421K, committed 9600K, reserved 1058816K
  class space    used 716K, capacity 1065K, committed 1152K, reserved 1048576K
}
Event: 0.244 GC heap after
{Heap after GC invocations=3 (full 0):
 garbage-first heap   total 8192K, used 2141K [0x0000000081e00000, 0x0000000100000000)
  region size 1024K, 1 young (1024K), 1 survivors (1024K)
 Metaspace       used 5786K, capacity 9421K, committed 9600K, reserved 1058816K
  class space    used 716K, capacity 1065K, committed 1152K, reserved 1048576K
}
Event: 0.294 GC heap before
{Heap before GC invocations=3 (full 0):
 garbage-first heap   total 8192K, used 3165K [0x0000000081e00000, 0x0000000100000000)
  region size 1024K, 2 young (2048K), 1 survivors (1024K)
 Metaspace       used 7128K, capacity 10433K, committed 10752K, reserved 1058816K
  class space    used 892K, capacity 1211K, committed 1280K, reserved 1048576K
}
Event: 0.295 GC heap after
{Heap after GC invocations=4 (full 0):
 garbage-first heap   total 8192K, used 2449K [0x0000000081e00000, 0x0000000100000000)
  region size 1024K, 1 young (1024K), 1 survivors (1024K)
 Metaspace       used 7128K, capacity 10433K, committed 10752K, reserved 1058816K
  class space    used 892K, capacity 1211K, committed 1280K, reserved 1048576K
}
Event: 0.339 GC heap before
{Heap before GC invocations=4 (full 0):
 garbage-first heap   total 8192K, used 3473K [0x0000000081e00000, 0x0000000100000000)
  region size 1024K, 2 young (2048K), 1 survivors (1024K)
 Metaspace       used 7793K, capacity 11054K, committed 11264K, reserved 1058816K
  class space    used 926K, capacity 1247K, committed 1280K, reserved 1048576K
}
Event: 0.341 GC heap after
{Heap after GC invocations=5 (full 0):
 garbage-first heap   total 11264K, used 3108K [0x0000000081e00000, 0x0000000100000000)
  region size 1024K, 1 young (1024K), 1 survivors (1024K)
 Metaspace       used 7793K, capacity 11054K, committed 11264K, reserved 1058816K
  class space    used 926K, capacity 1247K, committed 1280K, reserved 1048576K
}
Event: 0.366 GC heap before
{Heap before GC invocations=5 (full 0):
 garbage-first heap   total 11264K, used 4132K [0x0000000081e00000, 0x0000000100000000)
  region size 1024K, 2 young (2048K), 1 survivors (1024K)
 Metaspace       used 7853K, capacity 11054K, committed 11264K, reserved 1058816K
  class space    used 926K, capacity 1247K, committed 1280K, reserved 1048576K
}
Event: 0.369 GC heap after
{Heap after GC invocations=6 (full 0):
 garbage-first heap   total 11264K, used 3422K [0x0000000081e00000, 0x0000000100000000)
  region size 1024K, 1 young (1024K), 1 survivors (1024K)
 Metaspace       used 7853K, capacity 11054K, committed 11264K, reserved 1058816K
  class space    used 926K, capacity 1247K, committed 1280K, reserved 1048576K
}
Event: 0.410 GC heap before
{Heap before GC invocations=6 (full 0):
 garbage-first heap   total 11264K, used 4446K [0x0000000081e00000, 0x0000000100000000)
  region size 1024K, 3 young (3072K), 1 survivors (1024K)
 Metaspace       used 8144K, capacity 11231K, committed 11264K, reserved 1058816K
  class space    used 956K, capacity 1264K, committed 1280K, reserved 1048576K
}
Event: 0.412 GC heap after
{Heap after GC invocations=7 (full 0):
 garbage-first heap   total 11264K, used 3746K [0x0000000081e00000, 0x0000000100000000)
  region size 1024K, 1 young (1024K), 1 survivors (1024K)
 Metaspace       used 8144K, capacity 11231K, committed 11264K, reserved 1058816K
  class space    used 956K, capacity 1264K, committed 1280K, reserved 1048576K
}
Event: 0.478 GC heap before
{Heap before GC invocations=7 (full 0):
 garbage-first heap   total 11264K, used 5794K [0x0000000081e00000, 0x0000000100000000)
  region size 1024K, 3 young (3072K), 1 survivors (1024K)
 Metaspace       used 8396K, capacity 11381K, committed 11648K, reserved 1058816K
  class space    used 990K, capacity 1294K, committed 1408K, reserved 1048576K
}
Event: 0.480 GC heap after
{Heap after GC invocations=8 (full 0):
 garbage-first heap   total 11264K, used 4583K [0x0000000081e00000, 0x0000000100000000)
  region size 1024K, 1 young (1024K), 1 survivors (1024K)
 Metaspace       used 8396K, capacity 11381K, committed 11648K, reserved 1058816K
  class space    used 990K, capacity 1294K, committed 1408K, reserved 1048576K
}
Event: 0.499 GC heap before
{Heap before GC invocations=8 (full 0):
 garbage-first heap   total 11264K, used 5607K [0x0000000081e00000, 0x0000000100000000)
  region size 1024K, 2 young (2048K), 1 survivors (1024K)
 Metaspace       used 8479K, capacity 11492K, committed 11648K, reserved 1058816K
  class space    used 1001K, capacity 1331K, committed 1408K, reserved 1048576K
}

