# JRE version: Java(TM) SE Runtime Environment (14.0+36) (build 14+36-1461)
# Java VM: Java HotSpot(TM) 64-Bit Server VM (14+36-1461, mixed mode, sharing, tiered, compressed oops, g1 gc, windows-amd64)
Heap:
 garbage-first heap   total 11264K, used 3431K [0x0000000081e00000, 0x0000000100000000)
  region size 1024K, 3 young (3072K), 1 survivors (1024K)
 Metaspace       used 8102K, capacity 11162K, committed 11264K, reserved 1058816K
  class space    used 951K, capacity 1262K, committed 1280K, reserved 1048576K
GC Heap History (11 events):
Event: 0.165 GC heap before
{Heap before GC invocations=0 (full 0):
 garbage-first heap   total 8192K, used 2048K [0x0000000081e00000, 0x0000000100000000)
  region size 1024K, 3 young (3072K), 0 survivors (0K)
 Metaspace       used 2452K, capacity 6096K, committed 6400K, reserved 1056768K
  class space    used 322K, capacity 678K, committed 768K, reserved 1048576K
}
Event: 0.168 GC heap after
{Heap after GC invocations=1 (full 0):
 garbage-first heap   total 8192K, used 1287K [0x0000000081e00000, 0x0000000100000000)
  region size 1024K, 1 young (1024K), 1 survivors (1024K)
 Metaspace       used 2452K, capacity 6096K, committed 6400K, reserved 1056768K
  class space    used 322K, capacity 678K, committed 768K, reserved 1048576K
}
Event: 0.212 GC heap before
{Heap before GC invocations=1 (full 0):
 garbage-first heap   total 8192K, used 2311K [0x0000000081e00000, 0x0000000100000000)
  region size 1024K, 2 young (2048K), 1 survivors (1024K)
 Metaspace       used 4149K, capacity 7782K, committed 7808K, reserved 1056768K
  class space    used 532K, capacity 878K, committed 896K, reserved 1048576K
}
Event: 0.215 GC heap after
{Heap after GC invocations=2 (full 0):
 garbage-first heap   total 8192K, used 1779K [0x0000000081e00000, 0x0000000100000000)
  region size 1024K, 1 young (1024K), 1 survivors (1024K)
 Metaspace       used 4149K, capacity 7782K, committed 7808K, reserved 1056768K
  class space    used 532K, capacity 878K, committed 896K, reserved 1048576K
}
Event: 0.260 GC heap before
{Heap before GC invocations=2 (full 0):
 garbage-first heap   total 8192K, used 1779K [0x0000000081e00000, 0x0000000100000000)
  region size 1024K, 2 young (2048K), 1 survivors (1024K)
 Metaspace       used 5793K, capacity 9421K, committed 9600K, reserved 1058816K
  class space    used 716K, capacity 1065K, committed 1152K, reserved 1048576K
}
Event: 0.261 GC heap after
{Heap after GC invocations=3 (full 0):
 garbage-first heap   total 8192K, used 2130K [0x0000000081e00000, 0x0000000100000000)
  region size 1024K, 1 young (1024K), 1 survivors (1024K)
 Metaspace       used 5793K, capacity 9421K, committed 9600K, reserved 1058816K
  class space    used 716K, capacity 1065K, committed 1152K, reserved 1048576K
}
Event: 0.305 GC heap before
{Heap before GC invocations=3 (full 0):
 garbage-first heap   total 8192K, used 3154K [0x0000000081e00000, 0x0000000100000000)
  region size 1024K, 2 young (2048K), 1 survivors (1024K)
 Metaspace       used 7133K, capacity 10433K, committed 10752K, reserved 1058816K
  class space    used 892K, capacity 1211K, committed 1280K, reserved 1048576K
}
Event: 0.307 GC heap after
{Heap after GC invocations=4 (full 0):
 garbage-first heap   total 8192K, used 2463K [0x0000000081e00000, 0x0000000100000000)
  region size 1024K, 1 young (1024K), 1 survivors (1024K)
 Metaspace       used 7133K, capacity 10433K, committed 10752K, reserved 1058816K
  class space    used 892K, capacity 1211K, committed 1280K, reserved 1048576K
}
Event: 0.348 GC heap before
{Heap before GC invocations=4 (full 0):
 garbage-first heap   total 8192K, used 3487K [0x0000000081e00000, 0x0000000100000000)
  region size 1024K, 2 young (2048K), 1 survivors (1024K)
 Metaspace       used 7799K, capacity 11054K, committed 11264K, reserved 1058816K
  class space    used 926K, capacity 1247K, committed 1280K, reserved 1048576K
}
Event: 0.350 GC heap after
{Heap after GC invocations=5 (full 0):
 garbage-first heap   total 11264K, used 3108K [0x0000000081e00000, 0x0000000100000000)
  region size 1024K, 1 young (1024K), 1 survivors (1024K)
 Metaspace       used 7799K, capacity 11054K, committed 11264K, reserved 1058816K
  class space    used 926K, capacity 1247K, committed 1280K, reserved 1048576K
}
Event: 0.376 GC heap before
{Heap before GC invocations=5 (full 0):
 garbage-first heap   total 11264K, used 4132K [0x0000000081e00000, 0x0000000100000000)
  region size 1024K, 2 young (2048K), 1 survivors (1024K)
 Metaspace       used 7858K, capacity 11054K, committed 11264K, reserved 1058816K
  class space    used 926K, capacity 1247K, committed 1280K, reserved 1048576K
}

